<?xml version="1.0" encoding="UTF-8"?>
<!-- Generated by org.testng.reporters.JUnitXMLReporter -->
<testsuite hostname="DESKTOP-0TCCTUB" ignored="2" name="Test_transactions" tests="4" failures="1" timestamp="2021-03-02T20:08:59 IST" time="15.444" errors="0">
  <testcase name="statement_Collection_Create" time="7.191" classname="Transactions.StatementCollection"/>
  <testcase name="FieldValidation" time="0.687" classname="Transactions.StatementCollection">
    <failure type="java.lang.AssertionError" message="Test failed : please select Outle :Actual validatin message :Please select Outlet :is not equal expected [true] but found [false]">
      <![CDATA[java.lang.AssertionError: Test failed : please select Outle :Actual validatin message :Please select Outlet :is not equal expected [true] but found [false]
at Transactions.StatementCollection.FieldValidation(StatementCollection.java:81)
at java.util.ArrayList.forEach(Unknown Source)
... Removed 30 stack frames]]>
    </failure>
  </testcase> <!-- FieldValidation -->
  <testcase name="Invoicemenuclick" time="4.499" classname="Transactions.InvoiceCollection"/>
  <testcase name="fieldValidation" time="0.317" classname="Transactions.InvoiceCollection"/>
  <testcase name="@BeforeSuite beforeSuite" time="0.0" classname="testapplication.baseClass">
    <ignored/>
  </testcase> <!-- @BeforeSuite beforeSuite -->
  <testcase name="@AfterSuite closeBrosers" time="0.0" classname="testapplication.baseClass">
    <ignored/>
  </testcase> <!-- @AfterSuite closeBrosers -->
</testsuite> <!-- Test_transactions -->
